<?xml version="1.0" encoding="UTF-8"?>
<testng-results ignored="0" total="14" passed="10" failed="4" skipped="0">
  <reporter-output>
  </reporter-output>
  <suite started-at="2023-12-28T12:25:14 IST" name="Suite" finished-at="2023-12-28T12:43:55 IST" duration-ms="1120821">
    <groups>
    </groups>
    <test started-at="2023-12-28T12:25:14 IST" name="Test" finished-at="2023-12-28T12:33:56 IST" duration-ms="522122">
      <class name="testcase.TC009_ManageBooking">
        <test-method is-config="true" signature="browserLaunch(java.lang.String,java.lang.String)[pri:0, instance:testcase.TC009_ManageBooking@1b84f475]" started-at="2023-12-28T12:31:23 IST" name="browserLaunch" finished-at="2023-12-28T12:32:14 IST" duration-ms="51766" status="PASS">
          <params>
            <param index="0">
              <value>
                <![CDATA[https://www.spicejet.com/]]>
              </value>
            </param>
            <param index="1">
              <value>
                <![CDATA[chrome]]>
              </value>
            </param>
          </params>
          <reporter-output>
          </reporter-output>
        </test-method> <!-- browserLaunch -->
        <test-method signature="manageBookingTest()[pri:0, instance:testcase.TC009_ManageBooking@1b84f475]" started-at="2023-12-28T12:32:14 IST" name="manageBookingTest" finished-at="2023-12-28T12:32:21 IST" duration-ms="6087" status="PASS">
          <reporter-output>
          </reporter-output>
        </test-method> <!-- manageBookingTest -->
        <test-method is-config="true" signature="closeBrowser()[pri:0, instance:testcase.TC009_ManageBooking@1b84f475]" started-at="2023-12-28T12:32:21 IST" name="closeBrowser" finished-at="2023-12-28T12:32:21 IST" duration-ms="507" status="PASS">
          <reporter-output>
          </reporter-output>
        </test-method> <!-- closeBrowser -->
      </class> <!-- testcase.TC009_ManageBooking -->
      <class name="testcase.TC005_RoundTrip">
        <test-method is-config="true" signature="setup()[pri:0, instance:testcase.TC005_RoundTrip@7a1234bf]" started-at="2023-12-28T12:25:14 IST" name="setup" finished-at="2023-12-28T12:25:14 IST" duration-ms="0" status="PASS">
          <reporter-output>
          </reporter-output>
        </test-method> <!-- setup -->
        <test-method is-config="true" signature="browserLaunch(java.lang.String,java.lang.String)[pri:0, instance:testcase.TC005_RoundTrip@7a1234bf]" started-at="2023-12-28T12:27:56 IST" name="browserLaunch" finished-at="2023-12-28T12:28:30 IST" duration-ms="34660" status="PASS">
          <params>
            <param index="0">
              <value>
                <![CDATA[https://www.spicejet.com/]]>
              </value>
            </param>
            <param index="1">
              <value>
                <![CDATA[chrome]]>
              </value>
            </param>
          </params>
          <reporter-output>
          </reporter-output>
        </test-method> <!-- browserLaunch -->
        <test-method signature="roundTripTest(java.lang.String,java.lang.String,java.lang.String,java.lang.String,java.lang.String,java.lang.String,java.lang.String,java.lang.String,java.lang.String,java.lang.String,java.lang.String,java.lang.String,java.lang.String)[pri:0, instance:testcase.TC005_RoundTrip@7a1234bf]" started-at="2023-12-28T12:28:30 IST" name="roundTripTest" data-provider="getData" finished-at="2023-12-28T12:28:43 IST" duration-ms="12773" status="FAIL">
          <params>
            <param index="0">
              <value>
                <![CDATA[Delhi]]>
              </value>
            </param>
            <param index="1">
              <value>
                <![CDATA[Bangalore]]>
              </value>
            </param>
            <param index="2">
              <value>
                <![CDATA[Saranya]]>
              </value>
            </param>
            <param index="3">
              <value>
                <![CDATA[Ragu]]>
              </value>
            </param>
            <param index="4">
              <value>
                <![CDATA[9551903606]]>
              </value>
            </param>
            <param index="5">
              <value>
                <![CDATA[saranya3606@gmail.com]]>
              </value>
            </param>
            <param index="6">
              <value>
                <![CDATA[Hosur]]>
              </value>
            </param>
            <param index="7">
              <value>
                <![CDATA[4567345656789870]]>
              </value>
            </param>
            <param index="8">
              <value>
                <![CDATA[SaranyaRagu]]>
              </value>
            </param>
            <param index="9">
              <value>
                <![CDATA[7]]>
              </value>
            </param>
            <param index="10">
              <value>
                <![CDATA[28]]>
              </value>
            </param>
            <param index="11">
              <value>
                <![CDATA[678]]>
              </value>
            </param>
            <param index="12">
              <value>
                <![CDATA[Invalid Card Details]]>
              </value>
            </param>
          </params>
          <exception class="org.openqa.selenium.TimeoutException">
            <message>
              <![CDATA[Expected condition failed: waiting for visibility of [[ChromeDriver: chrome on windows (267047eaccd04351e882f7948e9dedab)] -> xpath: (//div[text()='28'])[1]] (tried for 6 second(s) with 500 milliseconds interval)
Build info: version: '4.12.1', revision: '8e34639b11'
System info: os.name: 'Windows 10', os.arch: 'amd64', os.version: '10.0', java.version: '17.0.4.1'
Driver info: org.openqa.selenium.chrome.ChromeDriver
Capabilities {acceptInsecureCerts: false, browserName: chrome, browserVersion: 120.0.6099.130, chrome: {chromedriverVersion: 120.0.6099.109 (3419140ab66..., userDataDir: C:\Users\X240\AppData\Local...}, fedcm:accounts: true, goog:chromeOptions: {debuggerAddress: localhost:54323}, networkConnectionEnabled: false, pageLoadStrategy: normal, platformName: windows, proxy: Proxy(), se:cdp: ws://localhost:54323/devtoo..., se:cdpVersion: 120.0.6099.130, setWindowRect: true, strictFileInteractability: false, timeouts: {implicit: 0, pageLoad: 300000, script: 30000}, unhandledPromptBehavior: dismiss and notify, webauthn:extension:credBlob: true, webauthn:extension:largeBlob: true, webauthn:extension:minPinLength: true, webauthn:extension:prf: true, webauthn:virtualAuthenticators: true}
Session ID: 267047eaccd04351e882f7948e9dedab]]>
            </message>
            <full-stacktrace>
              <![CDATA[org.openqa.selenium.TimeoutException: Expected condition failed: waiting for visibility of [[ChromeDriver: chrome on windows (267047eaccd04351e882f7948e9dedab)] -> xpath: (//div[text()='28'])[1]] (tried for 6 second(s) with 500 milliseconds interval)
Build info: version: '4.12.1', revision: '8e34639b11'
System info: os.name: 'Windows 10', os.arch: 'amd64', os.version: '10.0', java.version: '17.0.4.1'
Driver info: org.openqa.selenium.chrome.ChromeDriver
Capabilities {acceptInsecureCerts: false, browserName: chrome, browserVersion: 120.0.6099.130, chrome: {chromedriverVersion: 120.0.6099.109 (3419140ab66..., userDataDir: C:\Users\X240\AppData\Local...}, fedcm:accounts: true, goog:chromeOptions: {debuggerAddress: localhost:54323}, networkConnectionEnabled: false, pageLoadStrategy: normal, platformName: windows, proxy: Proxy(), se:cdp: ws://localhost:54323/devtoo..., se:cdpVersion: 120.0.6099.130, setWindowRect: true, strictFileInteractability: false, timeouts: {implicit: 0, pageLoad: 300000, script: 30000}, unhandledPromptBehavior: dismiss and notify, webauthn:extension:credBlob: true, webauthn:extension:largeBlob: true, webauthn:extension:minPinLength: true, webauthn:extension:prf: true, webauthn:virtualAuthenticators: true}
Session ID: 267047eaccd04351e882f7948e9dedab
at org.openqa.selenium.support.ui.WebDriverWait.timeoutException(WebDriverWait.java:84)
at org.openqa.selenium.support.ui.FluentWait.until(FluentWait.java:230)
at utility.BaseUtility.waitForVisible(BaseUtility.java:106)
at pages.FlightBookingPage.enterDepartureDate(FlightBookingPage.java:185)
at testcase.TC005_RoundTrip.roundTripTest(TC005_RoundTrip.java:33)
at java.base/jdk.internal.reflect.NativeMethodAccessorImpl.invoke0(Native Method)
at java.base/jdk.internal.reflect.NativeMethodAccessorImpl.invoke(NativeMethodAccessorImpl.java:77)
at java.base/jdk.internal.reflect.DelegatingMethodAccessorImpl.invoke(DelegatingMethodAccessorImpl.java:43)
at java.base/java.lang.reflect.Method.invoke(Method.java:568)
at org.testng.internal.MethodInvocationHelper.invokeMethod(MethodInvocationHelper.java:133)
at org.testng.internal.TestInvoker.invokeMethod(TestInvoker.java:598)
at org.testng.internal.TestInvoker.invokeTestMethod(TestInvoker.java:173)
at org.testng.internal.MethodRunner.runInSequence(MethodRunner.java:46)
at org.testng.internal.TestInvoker$MethodInvocationAgent.invoke(TestInvoker.java:824)
at org.testng.internal.TestInvoker.invokeTestMethods(TestInvoker.java:146)
at org.testng.internal.TestMethodWorker.invokeTestMethods(TestMethodWorker.java:146)
at org.testng.internal.TestMethodWorker.run(TestMethodWorker.java:128)
at java.base/java.util.ArrayList.forEach(ArrayList.java:1511)
at org.testng.TestRunner.privateRun(TestRunner.java:794)
at org.testng.TestRunner.run(TestRunner.java:596)
at org.testng.SuiteRunner.runTest(SuiteRunner.java:377)
at org.testng.SuiteRunner.runSequentially(SuiteRunner.java:371)
at org.testng.SuiteRunner.privateRun(SuiteRunner.java:332)
at org.testng.SuiteRunner.run(SuiteRunner.java:276)
at org.testng.SuiteRunnerWorker.runSuite(SuiteRunnerWorker.java:53)
at org.testng.SuiteRunnerWorker.run(SuiteRunnerWorker.java:96)
at org.testng.TestNG.runSuitesSequentially(TestNG.java:1212)
at org.testng.TestNG.runSuitesLocally(TestNG.java:1134)
at org.testng.TestNG.runSuites(TestNG.java:1063)
at org.testng.TestNG.run(TestNG.java:1031)
at org.testng.remote.AbstractRemoteTestNG.run(AbstractRemoteTestNG.java:115)
at org.testng.remote.RemoteTestNG.initAndRun(RemoteTestNG.java:251)
at org.testng.remote.RemoteTestNG.main(RemoteTestNG.java:77)
]]>
            </full-stacktrace>
          </exception> <!-- org.openqa.selenium.TimeoutException -->
          <reporter-output>
          </reporter-output>
        </test-method> <!-- roundTripTest -->
        <test-method is-config="true" signature="closeBrowser()[pri:0, instance:testcase.TC005_RoundTrip@7a1234bf]" started-at="2023-12-28T12:28:44 IST" name="closeBrowser" finished-at="2023-12-28T12:28:45 IST" duration-ms="746" status="PASS">
          <reporter-output>
          </reporter-output>
        </test-method> <!-- closeBrowser -->
      </class> <!-- testcase.TC005_RoundTrip -->
      <class name="testcase.TC008_FlightStatus">
        <test-method is-config="true" signature="browserLaunch(java.lang.String,java.lang.String)[pri:0, instance:testcase.TC008_FlightStatus@38aa816f]" started-at="2023-12-28T12:30:36 IST" name="browserLaunch" finished-at="2023-12-28T12:31:11 IST" duration-ms="34362" status="PASS">
          <params>
            <param index="0">
              <value>
                <![CDATA[https://www.spicejet.com/]]>
              </value>
            </param>
            <param index="1">
              <value>
                <![CDATA[chrome]]>
              </value>
            </param>
          </params>
          <reporter-output>
          </reporter-output>
        </test-method> <!-- browserLaunch -->
        <test-method signature="flightStatusTest()[pri:0, instance:testcase.TC008_FlightStatus@38aa816f]" started-at="2023-12-28T12:31:11 IST" name="flightStatusTest" finished-at="2023-12-28T12:31:21 IST" duration-ms="10575" status="PASS">
          <reporter-output>
          </reporter-output>
        </test-method> <!-- flightStatusTest -->
        <test-method is-config="true" signature="closeBrowser()[pri:0, instance:testcase.TC008_FlightStatus@38aa816f]" started-at="2023-12-28T12:31:21 IST" name="closeBrowser" finished-at="2023-12-28T12:31:23 IST" duration-ms="1648" status="PASS">
          <reporter-output>
          </reporter-output>
        </test-method> <!-- closeBrowser -->
      </class> <!-- testcase.TC008_FlightStatus -->
      <class name="testcase.TC004_LogInWithPhoneNo">
        <test-method is-config="true" signature="setup()[pri:0, instance:testcase.TC004_LogInWithPhoneNo@2b76ff4e]" started-at="2023-12-28T12:25:14 IST" name="setup" finished-at="2023-12-28T12:25:14 IST" duration-ms="1" status="PASS">
          <reporter-output>
          </reporter-output>
        </test-method> <!-- setup -->
        <test-method is-config="true" signature="browserLaunch(java.lang.String,java.lang.String)[pri:0, instance:testcase.TC004_LogInWithPhoneNo@2b76ff4e]" started-at="2023-12-28T12:27:03 IST" name="browserLaunch" finished-at="2023-12-28T12:27:31 IST" duration-ms="28380" status="PASS">
          <params>
            <param index="0">
              <value>
                <![CDATA[https://www.spicejet.com/]]>
              </value>
            </param>
            <param index="1">
              <value>
                <![CDATA[chrome]]>
              </value>
            </param>
          </params>
          <reporter-output>
          </reporter-output>
        </test-method> <!-- browserLaunch -->
        <test-method signature="logInTestWithPhone(java.lang.String,java.lang.String,java.lang.String,java.lang.String)[pri:0, instance:testcase.TC004_LogInWithPhoneNo@2b76ff4e]" started-at="2023-12-28T12:27:31 IST" name="logInTestWithPhone" data-provider="getData" finished-at="2023-12-28T12:27:55 IST" duration-ms="23532" status="PASS">
          <params>
            <param index="0">
              <value>
                <![CDATA[9551903606]]>
              </value>
            </param>
            <param index="1">
              <value>
                <![CDATA[Guvi@1234]]>
              </value>
            </param>
            <param index="2">
              <value>
                <![CDATA[Hi Saranya]]>
              </value>
            </param>
            <param index="3">
              <value>
                <![CDATA[SpiceJet - Flight Booking for Domestic and International, Cheap Air Tickets]]>
              </value>
            </param>
          </params>
          <reporter-output>
          </reporter-output>
        </test-method> <!-- logInTestWithPhone -->
        <test-method is-config="true" signature="closeBrowser()[pri:0, instance:testcase.TC004_LogInWithPhoneNo@2b76ff4e]" started-at="2023-12-28T12:27:55 IST" name="closeBrowser" finished-at="2023-12-28T12:27:55 IST" duration-ms="310" status="PASS">
          <reporter-output>
          </reporter-output>
        </test-method> <!-- closeBrowser -->
      </class> <!-- testcase.TC004_LogInWithPhoneNo -->
      <class name="testcase.TC007_CheckIn">
        <test-method is-config="true" signature="browserLaunch(java.lang.String,java.lang.String)[pri:0, instance:testcase.TC007_CheckIn@24ba9639]" started-at="2023-12-28T12:29:54 IST" name="browserLaunch" finished-at="2023-12-28T12:30:35 IST" duration-ms="40904" status="PASS">
          <params>
            <param index="0">
              <value>
                <![CDATA[https://www.spicejet.com/]]>
              </value>
            </param>
            <param index="1">
              <value>
                <![CDATA[chrome]]>
              </value>
            </param>
          </params>
          <reporter-output>
          </reporter-output>
        </test-method> <!-- browserLaunch -->
        <test-method signature="checkInTest()[pri:0, instance:testcase.TC007_CheckIn@24ba9639]" started-at="2023-12-28T12:30:35 IST" name="checkInTest" finished-at="2023-12-28T12:30:36 IST" duration-ms="900" status="PASS">
          <reporter-output>
          </reporter-output>
        </test-method> <!-- checkInTest -->
        <test-method is-config="true" signature="closeBrowser()[pri:0, instance:testcase.TC007_CheckIn@24ba9639]" started-at="2023-12-28T12:30:36 IST" name="closeBrowser" finished-at="2023-12-28T12:30:36 IST" duration-ms="478" status="PASS">
          <reporter-output>
          </reporter-output>
        </test-method> <!-- closeBrowser -->
      </class> <!-- testcase.TC007_CheckIn -->
      <class name="testcase.TC011_ForgetPassWord">
        <test-method is-config="true" signature="setup()[pri:0, instance:testcase.TC011_ForgetPassWord@7749bf93]" started-at="2023-12-28T12:25:14 IST" name="setup" finished-at="2023-12-28T12:25:14 IST" duration-ms="0" status="PASS">
          <reporter-output>
          </reporter-output>
        </test-method> <!-- setup -->
        <test-method is-config="true" signature="browserLaunch(java.lang.String,java.lang.String)[pri:0, instance:testcase.TC011_ForgetPassWord@7749bf93]" started-at="2023-12-28T12:32:21 IST" name="browserLaunch" finished-at="2023-12-28T12:32:53 IST" duration-ms="31266" status="PASS">
          <params>
            <param index="0">
              <value>
                <![CDATA[https://www.spicejet.com/]]>
              </value>
            </param>
            <param index="1">
              <value>
                <![CDATA[chrome]]>
              </value>
            </param>
          </params>
          <reporter-output>
          </reporter-output>
        </test-method> <!-- browserLaunch -->
        <test-method signature="forgetPasswordTest(java.lang.String,java.lang.String)[pri:0, instance:testcase.TC011_ForgetPassWord@7749bf93]" started-at="2023-12-28T12:32:53 IST" name="forgetPasswordTest" data-provider="getData" finished-at="2023-12-28T12:32:55 IST" duration-ms="1951" status="PASS">
          <params>
            <param index="0">
              <value>
                <![CDATA[9551903606]]>
              </value>
            </param>
            <param index="1">
              <value>
                <![CDATA[Please enter your mobile number to reset your password]]>
              </value>
            </param>
          </params>
          <reporter-output>
          </reporter-output>
        </test-method> <!-- forgetPasswordTest -->
        <test-method is-config="true" signature="closeBrowser()[pri:0, instance:testcase.TC011_ForgetPassWord@7749bf93]" started-at="2023-12-28T12:32:55 IST" name="closeBrowser" finished-at="2023-12-28T12:32:55 IST" duration-ms="517" status="PASS">
          <reporter-output>
          </reporter-output>
        </test-method> <!-- closeBrowser -->
      </class> <!-- testcase.TC011_ForgetPassWord -->
      <class name="testcase.TC001_ApplicationHomePage">
        <test-method is-config="true" signature="browserLaunch(java.lang.String,java.lang.String)[pri:0, instance:testcase.TC001_ApplicationHomePage@7a1a14a4]" started-at="2023-12-28T12:25:14 IST" name="browserLaunch" finished-at="2023-12-28T12:26:11 IST" duration-ms="56450" status="PASS">
          <params>
            <param index="0">
              <value>
                <![CDATA[https://www.spicejet.com/]]>
              </value>
            </param>
            <param index="1">
              <value>
                <![CDATA[chrome]]>
              </value>
            </param>
          </params>
          <reporter-output>
          </reporter-output>
        </test-method> <!-- browserLaunch -->
        <test-method signature="homePage()[pri:0, instance:testcase.TC001_ApplicationHomePage@7a1a14a4]" started-at="2023-12-28T12:26:11 IST" name="homePage" finished-at="2023-12-28T12:26:11 IST" duration-ms="790" status="PASS">
          <reporter-output>
          </reporter-output>
        </test-method> <!-- homePage -->
        <test-method is-config="true" signature="closeBrowser()[pri:0, instance:testcase.TC001_ApplicationHomePage@7a1a14a4]" started-at="2023-12-28T12:26:11 IST" name="closeBrowser" finished-at="2023-12-28T12:26:12 IST" duration-ms="645" status="PASS">
          <reporter-output>
          </reporter-output>
        </test-method> <!-- closeBrowser -->
      </class> <!-- testcase.TC001_ApplicationHomePage -->
      <class name="testcase.TC012_LogInwithInvalidDetails">
        <test-method is-config="true" signature="setup()[pri:0, instance:testcase.TC012_LogInwithInvalidDetails@13330ac6]" started-at="2023-12-28T12:25:14 IST" name="setup" finished-at="2023-12-28T12:25:14 IST" duration-ms="0" status="PASS">
          <reporter-output>
          </reporter-output>
        </test-method> <!-- setup -->
        <test-method is-config="true" signature="browserLaunch(java.lang.String,java.lang.String)[pri:0, instance:testcase.TC012_LogInwithInvalidDetails@13330ac6]" started-at="2023-12-28T12:32:55 IST" name="browserLaunch" finished-at="2023-12-28T12:33:44 IST" duration-ms="48545" status="PASS">
          <params>
            <param index="0">
              <value>
                <![CDATA[https://www.spicejet.com/]]>
              </value>
            </param>
            <param index="1">
              <value>
                <![CDATA[chrome]]>
              </value>
            </param>
          </params>
          <reporter-output>
          </reporter-output>
        </test-method> <!-- browserLaunch -->
        <test-method signature="invlaidLoginTest(java.lang.String,java.lang.String,java.lang.String)[pri:0, instance:testcase.TC012_LogInwithInvalidDetails@13330ac6]" started-at="2023-12-28T12:33:44 IST" name="invlaidLoginTest" data-provider="getData" finished-at="2023-12-28T12:33:56 IST" duration-ms="11557" status="PASS">
          <params>
            <param index="0">
              <value>
                <![CDATA[saranya3606@gmail.com]]>
              </value>
            </param>
            <param index="1">
              <value>
                <![CDATA[call@123]]>
              </value>
            </param>
            <param index="2">
              <value>
                <![CDATA[Invalid Username/Password]]>
              </value>
            </param>
          </params>
          <reporter-output>
          </reporter-output>
        </test-method> <!-- invlaidLoginTest -->
        <test-method is-config="true" signature="closeBrowser()[pri:0, instance:testcase.TC012_LogInwithInvalidDetails@13330ac6]" started-at="2023-12-28T12:33:56 IST" name="closeBrowser" finished-at="2023-12-28T12:33:56 IST" duration-ms="572" status="PASS">
          <reporter-output>
          </reporter-output>
        </test-method> <!-- closeBrowser -->
      </class> <!-- testcase.TC012_LogInwithInvalidDetails -->
      <class name="testcase.TC003_LogInWithEmail">
        <test-method is-config="true" signature="setup()[pri:0, instance:testcase.TC003_LogInWithEmail@31c7528f]" started-at="2023-12-28T12:25:14 IST" name="setup" finished-at="2023-12-28T12:25:14 IST" duration-ms="10" status="PASS">
          <reporter-output>
          </reporter-output>
        </test-method> <!-- setup -->
        <test-method is-config="true" signature="browserLaunch(java.lang.String,java.lang.String)[pri:0, instance:testcase.TC003_LogInWithEmail@31c7528f]" started-at="2023-12-28T12:26:15 IST" name="browserLaunch" finished-at="2023-12-28T12:26:47 IST" duration-ms="31683" status="PASS">
          <params>
            <param index="0">
              <value>
                <![CDATA[https://www.spicejet.com/]]>
              </value>
            </param>
            <param index="1">
              <value>
                <![CDATA[chrome]]>
              </value>
            </param>
          </params>
          <reporter-output>
          </reporter-output>
        </test-method> <!-- browserLaunch -->
        <test-method signature="logInTestWithEmail(java.lang.String,java.lang.String,java.lang.String,java.lang.String)[pri:0, instance:testcase.TC003_LogInWithEmail@31c7528f]" started-at="2023-12-28T12:26:47 IST" name="logInTestWithEmail" data-provider="getData" finished-at="2023-12-28T12:27:02 IST" duration-ms="15202" status="PASS">
          <params>
            <param index="0">
              <value>
                <![CDATA[saranya3606@gmail.com]]>
              </value>
            </param>
            <param index="1">
              <value>
                <![CDATA[Guvi@1234]]>
              </value>
            </param>
            <param index="2">
              <value>
                <![CDATA[Hi Saranya]]>
              </value>
            </param>
            <param index="3">
              <value>
                <![CDATA[SpiceJet - Flight Booking for Domestic and International, Cheap Air Tickets]]>
              </value>
            </param>
          </params>
          <reporter-output>
          </reporter-output>
        </test-method> <!-- logInTestWithEmail -->
        <test-method is-config="true" signature="closeBrowser()[pri:0, instance:testcase.TC003_LogInWithEmail@31c7528f]" started-at="2023-12-28T12:27:02 IST" name="closeBrowser" finished-at="2023-12-28T12:27:03 IST" duration-ms="413" status="PASS">
          <reporter-output>
          </reporter-output>
        </test-method> <!-- closeBrowser -->
      </class> <!-- testcase.TC003_LogInWithEmail -->
      <class name="testcase.TC006_OneWayTrip">
        <test-method is-config="true" signature="setup()[pri:0, instance:testcase.TC006_OneWayTrip@2f62ea70]" started-at="2023-12-28T12:25:14 IST" name="setup" finished-at="2023-12-28T12:25:14 IST" duration-ms="0" status="PASS">
          <reporter-output>
          </reporter-output>
        </test-method> <!-- setup -->
        <test-method is-config="true" signature="browserLaunch(java.lang.String,java.lang.String)[pri:0, instance:testcase.TC006_OneWayTrip@2f62ea70]" started-at="2023-12-28T12:28:45 IST" name="browserLaunch" finished-at="2023-12-28T12:29:40 IST" duration-ms="55389" status="PASS">
          <params>
            <param index="0">
              <value>
                <![CDATA[https://www.spicejet.com/]]>
              </value>
            </param>
            <param index="1">
              <value>
                <![CDATA[chrome]]>
              </value>
            </param>
          </params>
          <reporter-output>
          </reporter-output>
        </test-method> <!-- browserLaunch -->
        <test-method signature="oneWayTripTest(java.lang.String,java.lang.String,java.lang.String,java.lang.String,java.lang.String,java.lang.String,java.lang.String,java.lang.String,java.lang.String,java.lang.String,java.lang.String,java.lang.String,java.lang.String,java.lang.String,java.lang.String)[pri:0, instance:testcase.TC006_OneWayTrip@2f62ea70]" started-at="2023-12-28T12:29:40 IST" name="oneWayTripTest" data-provider="getData" finished-at="2023-12-28T12:29:53 IST" duration-ms="12705" status="FAIL">
          <params>
            <param index="0">
              <value>
                <![CDATA[Delhi]]>
              </value>
            </param>
            <param index="1">
              <value>
                <![CDATA[Bangalore]]>
              </value>
            </param>
            <param index="2">
              <value>
                <![CDATA[Saranya]]>
              </value>
            </param>
            <param index="3">
              <value>
                <![CDATA[Ragu]]>
              </value>
            </param>
            <param index="4">
              <value>
                <![CDATA[9551903606]]>
              </value>
            </param>
            <param index="5">
              <value>
                <![CDATA[saranya3606@gmail.com]]>
              </value>
            </param>
            <param index="6">
              <value>
                <![CDATA[Hosur]]>
              </value>
            </param>
            <param index="7">
              <value>
                <![CDATA[Shadana]]>
              </value>
            </param>
            <param index="8">
              <value>
                <![CDATA[Ragu]]>
              </value>
            </param>
            <param index="9">
              <value>
                <![CDATA['4567345656789870]]>
              </value>
            </param>
            <param index="10">
              <value>
                <![CDATA[Saranya]]>
              </value>
            </param>
            <param index="11">
              <value>
                <![CDATA[7]]>
              </value>
            </param>
            <param index="12">
              <value>
                <![CDATA[28]]>
              </value>
            </param>
            <param index="13">
              <value>
                <![CDATA[678]]>
              </value>
            </param>
            <param index="14">
              <value>
                <![CDATA[Invalid Card Details]]>
              </value>
            </param>
          </params>
          <exception class="org.openqa.selenium.TimeoutException">
            <message>
              <![CDATA[Expected condition failed: waiting for visibility of [[ChromeDriver: chrome on windows (f0cb2c6aea706afa4818af1e44643c63)] -> xpath: (//div[text()='28'])[1]] (tried for 6 second(s) with 500 milliseconds interval)
Build info: version: '4.12.1', revision: '8e34639b11'
System info: os.name: 'Windows 10', os.arch: 'amd64', os.version: '10.0', java.version: '17.0.4.1'
Driver info: org.openqa.selenium.chrome.ChromeDriver
Capabilities {acceptInsecureCerts: false, browserName: chrome, browserVersion: 120.0.6099.130, chrome: {chromedriverVersion: 120.0.6099.109 (3419140ab66..., userDataDir: C:\Users\X240\AppData\Local...}, fedcm:accounts: true, goog:chromeOptions: {debuggerAddress: localhost:54398}, networkConnectionEnabled: false, pageLoadStrategy: normal, platformName: windows, proxy: Proxy(), se:cdp: ws://localhost:54398/devtoo..., se:cdpVersion: 120.0.6099.130, setWindowRect: true, strictFileInteractability: false, timeouts: {implicit: 0, pageLoad: 300000, script: 30000}, unhandledPromptBehavior: dismiss and notify, webauthn:extension:credBlob: true, webauthn:extension:largeBlob: true, webauthn:extension:minPinLength: true, webauthn:extension:prf: true, webauthn:virtualAuthenticators: true}
Session ID: f0cb2c6aea706afa4818af1e44643c63]]>
            </message>
            <full-stacktrace>
              <![CDATA[org.openqa.selenium.TimeoutException: Expected condition failed: waiting for visibility of [[ChromeDriver: chrome on windows (f0cb2c6aea706afa4818af1e44643c63)] -> xpath: (//div[text()='28'])[1]] (tried for 6 second(s) with 500 milliseconds interval)
Build info: version: '4.12.1', revision: '8e34639b11'
System info: os.name: 'Windows 10', os.arch: 'amd64', os.version: '10.0', java.version: '17.0.4.1'
Driver info: org.openqa.selenium.chrome.ChromeDriver
Capabilities {acceptInsecureCerts: false, browserName: chrome, browserVersion: 120.0.6099.130, chrome: {chromedriverVersion: 120.0.6099.109 (3419140ab66..., userDataDir: C:\Users\X240\AppData\Local...}, fedcm:accounts: true, goog:chromeOptions: {debuggerAddress: localhost:54398}, networkConnectionEnabled: false, pageLoadStrategy: normal, platformName: windows, proxy: Proxy(), se:cdp: ws://localhost:54398/devtoo..., se:cdpVersion: 120.0.6099.130, setWindowRect: true, strictFileInteractability: false, timeouts: {implicit: 0, pageLoad: 300000, script: 30000}, unhandledPromptBehavior: dismiss and notify, webauthn:extension:credBlob: true, webauthn:extension:largeBlob: true, webauthn:extension:minPinLength: true, webauthn:extension:prf: true, webauthn:virtualAuthenticators: true}
Session ID: f0cb2c6aea706afa4818af1e44643c63
at org.openqa.selenium.support.ui.WebDriverWait.timeoutException(WebDriverWait.java:84)
at org.openqa.selenium.support.ui.FluentWait.until(FluentWait.java:230)
at utility.BaseUtility.waitForVisible(BaseUtility.java:106)
at pages.FlightBookingPage.enterDepartureDate(FlightBookingPage.java:185)
at testcase.TC006_OneWayTrip.oneWayTripTest(TC006_OneWayTrip.java:31)
at java.base/jdk.internal.reflect.NativeMethodAccessorImpl.invoke0(Native Method)
at java.base/jdk.internal.reflect.NativeMethodAccessorImpl.invoke(NativeMethodAccessorImpl.java:77)
at java.base/jdk.internal.reflect.DelegatingMethodAccessorImpl.invoke(DelegatingMethodAccessorImpl.java:43)
at java.base/java.lang.reflect.Method.invoke(Method.java:568)
at org.testng.internal.MethodInvocationHelper.invokeMethod(MethodInvocationHelper.java:133)
at org.testng.internal.TestInvoker.invokeMethod(TestInvoker.java:598)
at org.testng.internal.TestInvoker.invokeTestMethod(TestInvoker.java:173)
at org.testng.internal.MethodRunner.runInSequence(MethodRunner.java:46)
at org.testng.internal.TestInvoker$MethodInvocationAgent.invoke(TestInvoker.java:824)
at org.testng.internal.TestInvoker.invokeTestMethods(TestInvoker.java:146)
at org.testng.internal.TestMethodWorker.invokeTestMethods(TestMethodWorker.java:146)
at org.testng.internal.TestMethodWorker.run(TestMethodWorker.java:128)
at java.base/java.util.ArrayList.forEach(ArrayList.java:1511)
at org.testng.TestRunner.privateRun(TestRunner.java:794)
at org.testng.TestRunner.run(TestRunner.java:596)
at org.testng.SuiteRunner.runTest(SuiteRunner.java:377)
at org.testng.SuiteRunner.runSequentially(SuiteRunner.java:371)
at org.testng.SuiteRunner.privateRun(SuiteRunner.java:332)
at org.testng.SuiteRunner.run(SuiteRunner.java:276)
at org.testng.SuiteRunnerWorker.runSuite(SuiteRunnerWorker.java:53)
at org.testng.SuiteRunnerWorker.run(SuiteRunnerWorker.java:96)
at org.testng.TestNG.runSuitesSequentially(TestNG.java:1212)
at org.testng.TestNG.runSuitesLocally(TestNG.java:1134)
at org.testng.TestNG.runSuites(TestNG.java:1063)
at org.testng.TestNG.run(TestNG.java:1031)
at org.testng.remote.AbstractRemoteTestNG.run(AbstractRemoteTestNG.java:115)
at org.testng.remote.RemoteTestNG.initAndRun(RemoteTestNG.java:251)
at org.testng.remote.RemoteTestNG.main(RemoteTestNG.java:77)
]]>
            </full-stacktrace>
          </exception> <!-- org.openqa.selenium.TimeoutException -->
          <reporter-output>
          </reporter-output>
        </test-method> <!-- oneWayTripTest -->
        <test-method is-config="true" signature="closeBrowser()[pri:0, instance:testcase.TC006_OneWayTrip@2f62ea70]" started-at="2023-12-28T12:29:53 IST" name="closeBrowser" finished-at="2023-12-28T12:29:54 IST" duration-ms="366" status="PASS">
          <reporter-output>
          </reporter-output>
        </test-method> <!-- closeBrowser -->
      </class> <!-- testcase.TC006_OneWayTrip -->
    </test> <!-- Test -->
    <test started-at="2023-12-28T12:33:58 IST" name="EdgeTest" finished-at="2023-12-28T12:43:55 IST" duration-ms="597043">
      <class name="testcase.TC002_SignUp">
        <test-method is-config="true" signature="setup()[pri:0, instance:testcase.TC002_SignUp@1b7c473a]" started-at="2023-12-28T12:33:58 IST" name="setup" finished-at="2023-12-28T12:33:58 IST" duration-ms="0" status="PASS">
          <reporter-output>
          </reporter-output>
        </test-method> <!-- setup -->
        <test-method is-config="true" signature="browserLaunch(java.lang.String,java.lang.String)[pri:0, instance:testcase.TC002_SignUp@1b7c473a]" started-at="2023-12-28T12:33:58 IST" name="browserLaunch" finished-at="2023-12-28T12:35:44 IST" duration-ms="106455" status="PASS">
          <params>
            <param index="0">
              <value>
                <![CDATA[https://www.spicejet.com/]]>
              </value>
            </param>
            <param index="1">
              <value>
                <![CDATA[edge]]>
              </value>
            </param>
          </params>
          <reporter-output>
          </reporter-output>
        </test-method> <!-- browserLaunch -->
        <test-method signature="signUpTest(java.lang.String,java.lang.String,java.lang.String,java.lang.String,java.lang.String,java.lang.String,java.lang.String,java.lang.String,java.lang.String,java.lang.String)[pri:0, instance:testcase.TC002_SignUp@1b7c473a]" started-at="2023-12-28T12:35:44 IST" name="signUpTest" data-provider="getData" finished-at="2023-12-28T12:37:09 IST" duration-ms="84712" status="FAIL">
          <params>
            <param index="0">
              <value>
                <![CDATA[Mrs]]>
              </value>
            </param>
            <param index="1">
              <value>
                <![CDATA[Saranya]]>
              </value>
            </param>
            <param index="2">
              <value>
                <![CDATA[Ragu]]>
              </value>
            </param>
            <param index="3">
              <value>
                <![CDATA[India]]>
              </value>
            </param>
            <param index="4">
              <value>
                <![CDATA[July]]>
              </value>
            </param>
            <param index="5">
              <value>
                <![CDATA[2004]]>
              </value>
            </param>
            <param index="6">
              <value>
                <![CDATA[9551903606]]>
              </value>
            </param>
            <param index="7">
              <value>
                <![CDATA[computer@gmail.com]]>
              </value>
            </param>
            <param index="8">
              <value>
                <![CDATA[Flight@0304]]>
              </value>
            </param>
            <param index="9">
              <value>
                <![CDATA[Flight@0304]]>
              </value>
            </param>
          </params>
          <exception class="org.openqa.selenium.ElementClickInterceptedException">
            <message>
              <![CDATA[element click intercepted: Element is not clickable at point (359, 718)
  (Session info: MicrosoftEdge=120.0.2210.91)
Build info: version: '4.12.1', revision: '8e34639b11'
System info: os.name: 'Windows 10', os.arch: 'amd64', os.version: '10.0', java.version: '17.0.4.1'
Driver info: org.openqa.selenium.edge.EdgeDriver
Command: [1cdc766670cb7fdec46e18475f3d5067, clickElement {id=3EA8A8AB776BC908A14862DE7D3D91FD_element_144}]
Capabilities {acceptInsecureCerts: false, browserName: MicrosoftEdge, browserVersion: 120.0.2210.91, fedcm:accounts: true, ms:edgeOptions: {debuggerAddress: localhost:54823}, msedge: {msedgedriverVersion: 120.0.2210.91 (f469d579f138..., userDataDir: C:\Users\X240\AppData\Local...}, networkConnectionEnabled: false, pageLoadStrategy: normal, platformName: windows, proxy: Proxy(), se:cdp: ws://localhost:54823/devtoo..., se:cdpVersion: 120.0.2210.91, setWindowRect: true, strictFileInteractability: false, timeouts: {implicit: 0, pageLoad: 300000, script: 30000}, unhandledPromptBehavior: dismiss and notify, webauthn:extension:credBlob: true, webauthn:extension:largeBlob: true, webauthn:extension:minPinLength: true, webauthn:extension:prf: true, webauthn:virtualAuthenticators: true}
Element: [[EdgeDriver: MicrosoftEdge on windows (1cdc766670cb7fdec46e18475f3d5067)] -> xpath: (//img[@class='icon-active'])[1]]
Session ID: 1cdc766670cb7fdec46e18475f3d5067]]>
            </message>
            <full-stacktrace>
              <![CDATA[org.openqa.selenium.ElementClickInterceptedException: element click intercepted: Element is not clickable at point (359, 718)
  (Session info: MicrosoftEdge=120.0.2210.91)
Build info: version: '4.12.1', revision: '8e34639b11'
System info: os.name: 'Windows 10', os.arch: 'amd64', os.version: '10.0', java.version: '17.0.4.1'
Driver info: org.openqa.selenium.edge.EdgeDriver
Command: [1cdc766670cb7fdec46e18475f3d5067, clickElement {id=3EA8A8AB776BC908A14862DE7D3D91FD_element_144}]
Capabilities {acceptInsecureCerts: false, browserName: MicrosoftEdge, browserVersion: 120.0.2210.91, fedcm:accounts: true, ms:edgeOptions: {debuggerAddress: localhost:54823}, msedge: {msedgedriverVersion: 120.0.2210.91 (f469d579f138..., userDataDir: C:\Users\X240\AppData\Local...}, networkConnectionEnabled: false, pageLoadStrategy: normal, platformName: windows, proxy: Proxy(), se:cdp: ws://localhost:54823/devtoo..., se:cdpVersion: 120.0.2210.91, setWindowRect: true, strictFileInteractability: false, timeouts: {implicit: 0, pageLoad: 300000, script: 30000}, unhandledPromptBehavior: dismiss and notify, webauthn:extension:credBlob: true, webauthn:extension:largeBlob: true, webauthn:extension:minPinLength: true, webauthn:extension:prf: true, webauthn:virtualAuthenticators: true}
Element: [[EdgeDriver: MicrosoftEdge on windows (1cdc766670cb7fdec46e18475f3d5067)] -> xpath: (//img[@class='icon-active'])[1]]
Session ID: 1cdc766670cb7fdec46e18475f3d5067
at java.base/jdk.internal.reflect.NativeConstructorAccessorImpl.newInstance0(Native Method)
at java.base/jdk.internal.reflect.NativeConstructorAccessorImpl.newInstance(NativeConstructorAccessorImpl.java:77)
at java.base/jdk.internal.reflect.DelegatingConstructorAccessorImpl.newInstance(DelegatingConstructorAccessorImpl.java:45)
at java.base/java.lang.reflect.Constructor.newInstanceWithCaller(Constructor.java:499)
at java.base/java.lang.reflect.Constructor.newInstance(Constructor.java:480)
at org.openqa.selenium.remote.codec.w3c.W3CHttpResponseCodec.createException(W3CHttpResponseCodec.java:200)
at org.openqa.selenium.remote.codec.w3c.W3CHttpResponseCodec.decode(W3CHttpResponseCodec.java:133)
at org.openqa.selenium.remote.codec.w3c.W3CHttpResponseCodec.decode(W3CHttpResponseCodec.java:52)
at org.openqa.selenium.remote.HttpCommandExecutor.execute(HttpCommandExecutor.java:191)
at org.openqa.selenium.remote.service.DriverCommandExecutor.invokeExecute(DriverCommandExecutor.java:196)
at org.openqa.selenium.remote.service.DriverCommandExecutor.execute(DriverCommandExecutor.java:171)
at org.openqa.selenium.remote.RemoteWebDriver.execute(RemoteWebDriver.java:602)
at org.openqa.selenium.remote.RemoteWebElement.execute(RemoteWebElement.java:224)
at org.openqa.selenium.remote.RemoteWebElement.click(RemoteWebElement.java:77)
at jdk.internal.reflect.GeneratedMethodAccessor14.invoke(Unknown Source)
at java.base/jdk.internal.reflect.DelegatingMethodAccessorImpl.invoke(DelegatingMethodAccessorImpl.java:43)
at java.base/java.lang.reflect.Method.invoke(Method.java:568)
at org.openqa.selenium.support.pagefactory.internal.LocatingElementHandler.invoke(LocatingElementHandler.java:51)
at jdk.proxy2/jdk.proxy2.$Proxy20.click(Unknown Source)
at utility.BaseUtility.click(BaseUtility.java:70)
at pages.SignUpPage.clickEyeBox(SignUpPage.java:146)
at testcase.TC002_SignUp.signUpTest(TC002_SignUp.java:43)
at java.base/jdk.internal.reflect.NativeMethodAccessorImpl.invoke0(Native Method)
at java.base/jdk.internal.reflect.NativeMethodAccessorImpl.invoke(NativeMethodAccessorImpl.java:77)
at java.base/jdk.internal.reflect.DelegatingMethodAccessorImpl.invoke(DelegatingMethodAccessorImpl.java:43)
at java.base/java.lang.reflect.Method.invoke(Method.java:568)
at org.testng.internal.MethodInvocationHelper.invokeMethod(MethodInvocationHelper.java:133)
at org.testng.internal.TestInvoker.invokeMethod(TestInvoker.java:598)
at org.testng.internal.TestInvoker.invokeTestMethod(TestInvoker.java:173)
at org.testng.internal.MethodRunner.runInSequence(MethodRunner.java:46)
at org.testng.internal.TestInvoker$MethodInvocationAgent.invoke(TestInvoker.java:824)
at org.testng.internal.TestInvoker.invokeTestMethods(TestInvoker.java:146)
at org.testng.internal.TestMethodWorker.invokeTestMethods(TestMethodWorker.java:146)
at org.testng.internal.TestMethodWorker.run(TestMethodWorker.java:128)
at java.base/java.util.ArrayList.forEach(ArrayList.java:1511)
at org.testng.TestRunner.privateRun(TestRunner.java:794)
at org.testng.TestRunner.run(TestRunner.java:596)
at org.testng.SuiteRunner.runTest(SuiteRunner.java:377)
at org.testng.SuiteRunner.runSequentially(SuiteRunner.java:371)
at org.testng.SuiteRunner.privateRun(SuiteRunner.java:332)
at org.testng.SuiteRunner.run(SuiteRunner.java:276)
at org.testng.SuiteRunnerWorker.runSuite(SuiteRunnerWorker.java:53)
at org.testng.SuiteRunnerWorker.run(SuiteRunnerWorker.java:96)
at org.testng.TestNG.runSuitesSequentially(TestNG.java:1212)
at org.testng.TestNG.runSuitesLocally(TestNG.java:1134)
at org.testng.TestNG.runSuites(TestNG.java:1063)
at org.testng.TestNG.run(TestNG.java:1031)
at org.testng.remote.AbstractRemoteTestNG.run(AbstractRemoteTestNG.java:115)
at org.testng.remote.RemoteTestNG.initAndRun(RemoteTestNG.java:251)
at org.testng.remote.RemoteTestNG.main(RemoteTestNG.java:77)
]]>
            </full-stacktrace>
          </exception> <!-- org.openqa.selenium.ElementClickInterceptedException -->
          <reporter-output>
          </reporter-output>
        </test-method> <!-- signUpTest -->
        <test-method is-config="true" signature="closeBrowser()[pri:0, instance:testcase.TC002_SignUp@1b7c473a]" started-at="2023-12-28T12:37:10 IST" name="closeBrowser" finished-at="2023-12-28T12:37:10 IST" duration-ms="519" status="PASS">
          <reporter-output>
          </reporter-output>
        </test-method> <!-- closeBrowser -->
      </class> <!-- testcase.TC002_SignUp -->
      <class name="testcase.TC013_SignupWithInvalidDetails">
        <test-method is-config="true" signature="setup()[pri:0, instance:testcase.TC013_SignupWithInvalidDetails@2a62b5bc]" started-at="2023-12-28T12:33:58 IST" name="setup" finished-at="2023-12-28T12:33:58 IST" duration-ms="0" status="PASS">
          <reporter-output>
          </reporter-output>
        </test-method> <!-- setup -->
        <test-method is-config="true" signature="browserLaunch(java.lang.String,java.lang.String)[pri:0, instance:testcase.TC013_SignupWithInvalidDetails@2a62b5bc]" started-at="2023-12-28T12:41:45 IST" name="browserLaunch" finished-at="2023-12-28T12:42:48 IST" duration-ms="63377" status="PASS">
          <params>
            <param index="0">
              <value>
                <![CDATA[https://www.spicejet.com/]]>
              </value>
            </param>
            <param index="1">
              <value>
                <![CDATA[edge]]>
              </value>
            </param>
          </params>
          <reporter-output>
          </reporter-output>
        </test-method> <!-- browserLaunch -->
        <test-method signature="invalid_signup(java.lang.String,java.lang.String,java.lang.String,java.lang.String,java.lang.String,java.lang.String,java.lang.String,java.lang.String,java.lang.String)[pri:0, instance:testcase.TC013_SignupWithInvalidDetails@2a62b5bc]" started-at="2023-12-28T12:42:48 IST" name="invalid_signup" data-provider="getData" finished-at="2023-12-28T12:43:55 IST" duration-ms="66644" status="PASS">
          <params>
            <param index="0">
              <value>
                <![CDATA[Miss]]>
              </value>
            </param>
            <param index="1">
              <value>
                <![CDATA[George]]>
              </value>
            </param>
            <param index="2">
              <value>
                <![CDATA[Ragu]]>
              </value>
            </param>
            <param index="3">
              <value>
                <![CDATA[India]]>
              </value>
            </param>
            <param index="4">
              <value>
                <![CDATA[2004]]>
              </value>
            </param>
            <param index="5">
              <value>
                <![CDATA[July]]>
              </value>
            </param>
            <param index="6">
              <value>
                <![CDATA[Guvi@1234]]>
              </value>
            </param>
            <param index="7">
              <value>
                <![CDATA[Guvi@1234]]>
              </value>
            </param>
            <param index="8">
              <value>
                <![CDATA[Please fill all mandatory fields marked with an '*' to proceed]]>
              </value>
            </param>
          </params>
          <reporter-output>
          </reporter-output>
        </test-method> <!-- invalid_signup -->
        <test-method is-config="true" signature="closeBrowser()[pri:0, instance:testcase.TC013_SignupWithInvalidDetails@2a62b5bc]" started-at="2023-12-28T12:43:55 IST" name="closeBrowser" finished-at="2023-12-28T12:43:55 IST" duration-ms="90" status="PASS">
          <reporter-output>
          </reporter-output>
        </test-method> <!-- closeBrowser -->
      </class> <!-- testcase.TC013_SignupWithInvalidDetails -->
      <class name="testcase.TC012_LogInwithInvalidDetails">
        <test-method is-config="true" signature="setup()[pri:0, instance:testcase.TC012_LogInwithInvalidDetails@648c94da]" started-at="2023-12-28T12:33:58 IST" name="setup" finished-at="2023-12-28T12:33:58 IST" duration-ms="0" status="PASS">
          <reporter-output>
          </reporter-output>
        </test-method> <!-- setup -->
        <test-method is-config="true" signature="browserLaunch(java.lang.String,java.lang.String)[pri:0, instance:testcase.TC012_LogInwithInvalidDetails@648c94da]" started-at="2023-12-28T12:40:17 IST" name="browserLaunch" finished-at="2023-12-28T12:41:39 IST" duration-ms="82091" status="PASS">
          <params>
            <param index="0">
              <value>
                <![CDATA[https://www.spicejet.com/]]>
              </value>
            </param>
            <param index="1">
              <value>
                <![CDATA[edge]]>
              </value>
            </param>
          </params>
          <reporter-output>
          </reporter-output>
        </test-method> <!-- browserLaunch -->
        <test-method signature="invlaidLoginTest(java.lang.String,java.lang.String,java.lang.String)[pri:0, instance:testcase.TC012_LogInwithInvalidDetails@648c94da]" started-at="2023-12-28T12:41:39 IST" name="invlaidLoginTest" data-provider="getData" finished-at="2023-12-28T12:41:41 IST" duration-ms="1821" status="FAIL">
          <params>
            <param index="0">
              <value>
                <![CDATA[saranya3606@gmail.com]]>
              </value>
            </param>
            <param index="1">
              <value>
                <![CDATA[call@123]]>
              </value>
            </param>
            <param index="2">
              <value>
                <![CDATA[Invalid Username/Password]]>
              </value>
            </param>
          </params>
          <exception class="org.openqa.selenium.ElementClickInterceptedException">
            <message>
              <![CDATA[element click intercepted: Element <div class="css-1dbjc4n r-zso239">...</div> is not clickable at point (1177, 266). Other element would receive the click: <div class="css-76zvg2 r-homxoj r-ubezar r-1ozqkpa" dir="auto" style="font-family: inherit;">...</div>
  (Session info: MicrosoftEdge=120.0.2210.91)
Build info: version: '4.12.1', revision: '8e34639b11'
System info: os.name: 'Windows 10', os.arch: 'amd64', os.version: '10.0', java.version: '17.0.4.1'
Driver info: org.openqa.selenium.edge.EdgeDriver
Command: [e71cadcb6fb0cfa521037a4b89536725, clickElement {id=63C06662217D327A87135342C28289BC_element_245}]
Capabilities {acceptInsecureCerts: false, browserName: MicrosoftEdge, browserVersion: 120.0.2210.91, fedcm:accounts: true, ms:edgeOptions: {debuggerAddress: localhost:55205}, msedge: {msedgedriverVersion: 120.0.2210.91 (f469d579f138..., userDataDir: C:\Users\X240\AppData\Local...}, networkConnectionEnabled: false, pageLoadStrategy: normal, platformName: windows, proxy: Proxy(), se:cdp: ws://localhost:55205/devtoo..., se:cdpVersion: 120.0.2210.91, setWindowRect: true, strictFileInteractability: false, timeouts: {implicit: 0, pageLoad: 300000, script: 30000}, unhandledPromptBehavior: dismiss and notify, webauthn:extension:credBlob: true, webauthn:extension:largeBlob: true, webauthn:extension:minPinLength: true, webauthn:extension:prf: true, webauthn:virtualAuthenticators: true}
Element: [[EdgeDriver: MicrosoftEdge on windows (e71cadcb6fb0cfa521037a4b89536725)] -> xpath: (//div[@class='css-1dbjc4n r-zso239'])[4]]
Session ID: e71cadcb6fb0cfa521037a4b89536725]]>
            </message>
            <full-stacktrace>
              <![CDATA[org.openqa.selenium.ElementClickInterceptedException: element click intercepted: Element <div class="css-1dbjc4n r-zso239">...</div> is not clickable at point (1177, 266). Other element would receive the click: <div class="css-76zvg2 r-homxoj r-ubezar r-1ozqkpa" dir="auto" style="font-family: inherit;">...</div>
  (Session info: MicrosoftEdge=120.0.2210.91)
Build info: version: '4.12.1', revision: '8e34639b11'
System info: os.name: 'Windows 10', os.arch: 'amd64', os.version: '10.0', java.version: '17.0.4.1'
Driver info: org.openqa.selenium.edge.EdgeDriver
Command: [e71cadcb6fb0cfa521037a4b89536725, clickElement {id=63C06662217D327A87135342C28289BC_element_245}]
Capabilities {acceptInsecureCerts: false, browserName: MicrosoftEdge, browserVersion: 120.0.2210.91, fedcm:accounts: true, ms:edgeOptions: {debuggerAddress: localhost:55205}, msedge: {msedgedriverVersion: 120.0.2210.91 (f469d579f138..., userDataDir: C:\Users\X240\AppData\Local...}, networkConnectionEnabled: false, pageLoadStrategy: normal, platformName: windows, proxy: Proxy(), se:cdp: ws://localhost:55205/devtoo..., se:cdpVersion: 120.0.2210.91, setWindowRect: true, strictFileInteractability: false, timeouts: {implicit: 0, pageLoad: 300000, script: 30000}, unhandledPromptBehavior: dismiss and notify, webauthn:extension:credBlob: true, webauthn:extension:largeBlob: true, webauthn:extension:minPinLength: true, webauthn:extension:prf: true, webauthn:virtualAuthenticators: true}
Element: [[EdgeDriver: MicrosoftEdge on windows (e71cadcb6fb0cfa521037a4b89536725)] -> xpath: (//div[@class='css-1dbjc4n r-zso239'])[4]]
Session ID: e71cadcb6fb0cfa521037a4b89536725
at java.base/jdk.internal.reflect.NativeConstructorAccessorImpl.newInstance0(Native Method)
at java.base/jdk.internal.reflect.NativeConstructorAccessorImpl.newInstance(NativeConstructorAccessorImpl.java:77)
at java.base/jdk.internal.reflect.DelegatingConstructorAccessorImpl.newInstance(DelegatingConstructorAccessorImpl.java:45)
at java.base/java.lang.reflect.Constructor.newInstanceWithCaller(Constructor.java:499)
at java.base/java.lang.reflect.Constructor.newInstance(Constructor.java:480)
at org.openqa.selenium.remote.codec.w3c.W3CHttpResponseCodec.createException(W3CHttpResponseCodec.java:200)
at org.openqa.selenium.remote.codec.w3c.W3CHttpResponseCodec.decode(W3CHttpResponseCodec.java:133)
at org.openqa.selenium.remote.codec.w3c.W3CHttpResponseCodec.decode(W3CHttpResponseCodec.java:52)
at org.openqa.selenium.remote.HttpCommandExecutor.execute(HttpCommandExecutor.java:191)
at org.openqa.selenium.remote.service.DriverCommandExecutor.invokeExecute(DriverCommandExecutor.java:196)
at org.openqa.selenium.remote.service.DriverCommandExecutor.execute(DriverCommandExecutor.java:171)
at org.openqa.selenium.remote.RemoteWebDriver.execute(RemoteWebDriver.java:602)
at org.openqa.selenium.remote.RemoteWebElement.execute(RemoteWebElement.java:224)
at org.openqa.selenium.remote.RemoteWebElement.click(RemoteWebElement.java:77)
at jdk.internal.reflect.GeneratedMethodAccessor14.invoke(Unknown Source)
at java.base/jdk.internal.reflect.DelegatingMethodAccessorImpl.invoke(DelegatingMethodAccessorImpl.java:43)
at java.base/java.lang.reflect.Method.invoke(Method.java:568)
at org.openqa.selenium.support.pagefactory.internal.LocatingElementHandler.invoke(LocatingElementHandler.java:51)
at jdk.proxy2/jdk.proxy2.$Proxy20.click(Unknown Source)
at utility.BaseUtility.click(BaseUtility.java:70)
at pages.LogInPage.clickEmailCheckBox(LogInPage.java:55)
at testcase.TC012_LogInwithInvalidDetails.invlaidLoginTest(TC012_LogInwithInvalidDetails.java:29)
at java.base/jdk.internal.reflect.NativeMethodAccessorImpl.invoke0(Native Method)
at java.base/jdk.internal.reflect.NativeMethodAccessorImpl.invoke(NativeMethodAccessorImpl.java:77)
at java.base/jdk.internal.reflect.DelegatingMethodAccessorImpl.invoke(DelegatingMethodAccessorImpl.java:43)
at java.base/java.lang.reflect.Method.invoke(Method.java:568)
at org.testng.internal.MethodInvocationHelper.invokeMethod(MethodInvocationHelper.java:133)
at org.testng.internal.TestInvoker.invokeMethod(TestInvoker.java:598)
at org.testng.internal.TestInvoker.invokeTestMethod(TestInvoker.java:173)
at org.testng.internal.MethodRunner.runInSequence(MethodRunner.java:46)
at org.testng.internal.TestInvoker$MethodInvocationAgent.invoke(TestInvoker.java:824)
at org.testng.internal.TestInvoker.invokeTestMethods(TestInvoker.java:146)
at org.testng.internal.TestMethodWorker.invokeTestMethods(TestMethodWorker.java:146)
at org.testng.internal.TestMethodWorker.run(TestMethodWorker.java:128)
at java.base/java.util.ArrayList.forEach(ArrayList.java:1511)
at org.testng.TestRunner.privateRun(TestRunner.java:794)
at org.testng.TestRunner.run(TestRunner.java:596)
at org.testng.SuiteRunner.runTest(SuiteRunner.java:377)
at org.testng.SuiteRunner.runSequentially(SuiteRunner.java:371)
at org.testng.SuiteRunner.privateRun(SuiteRunner.java:332)
at org.testng.SuiteRunner.run(SuiteRunner.java:276)
at org.testng.SuiteRunnerWorker.runSuite(SuiteRunnerWorker.java:53)
at org.testng.SuiteRunnerWorker.run(SuiteRunnerWorker.java:96)
at org.testng.TestNG.runSuitesSequentially(TestNG.java:1212)
at org.testng.TestNG.runSuitesLocally(TestNG.java:1134)
at org.testng.TestNG.runSuites(TestNG.java:1063)
at org.testng.TestNG.run(TestNG.java:1031)
at org.testng.remote.AbstractRemoteTestNG.run(AbstractRemoteTestNG.java:115)
at org.testng.remote.RemoteTestNG.initAndRun(RemoteTestNG.java:251)
at org.testng.remote.RemoteTestNG.main(RemoteTestNG.java:77)
]]>
            </full-stacktrace>
          </exception> <!-- org.openqa.selenium.ElementClickInterceptedException -->
          <reporter-output>
          </reporter-output>
        </test-method> <!-- invlaidLoginTest -->
        <test-method is-config="true" signature="closeBrowser()[pri:0, instance:testcase.TC012_LogInwithInvalidDetails@648c94da]" started-at="2023-12-28T12:41:41 IST" name="closeBrowser" finished-at="2023-12-28T12:41:44 IST" duration-ms="3006" status="PASS">
          <reporter-output>
          </reporter-output>
        </test-method> <!-- closeBrowser -->
      </class> <!-- testcase.TC012_LogInwithInvalidDetails -->
      <class name="testcase.TC010_LogOut">
        <test-method is-config="true" signature="setup()[pri:0, instance:testcase.TC010_LogOut@5e4bd84a]" started-at="2023-12-28T12:33:58 IST" name="setup" finished-at="2023-12-28T12:33:58 IST" duration-ms="1" status="PASS">
          <reporter-output>
          </reporter-output>
        </test-method> <!-- setup -->
        <test-method is-config="true" signature="browserLaunch(java.lang.String,java.lang.String)[pri:0, instance:testcase.TC010_LogOut@5e4bd84a]" started-at="2023-12-28T12:37:12 IST" name="browserLaunch" finished-at="2023-12-28T12:39:30 IST" duration-ms="137424" status="PASS">
          <params>
            <param index="0">
              <value>
                <![CDATA[https://www.spicejet.com/]]>
              </value>
            </param>
            <param index="1">
              <value>
                <![CDATA[edge]]>
              </value>
            </param>
          </params>
          <reporter-output>
          </reporter-output>
        </test-method> <!-- browserLaunch -->
        <test-method signature="logoutTest(java.lang.String,java.lang.String,java.lang.String,java.lang.String,java.lang.String)[pri:0, instance:testcase.TC010_LogOut@5e4bd84a]" started-at="2023-12-28T12:39:30 IST" name="logoutTest" data-provider="getData" finished-at="2023-12-28T12:40:01 IST" duration-ms="31604" status="PASS">
          <params>
            <param index="0">
              <value>
                <![CDATA[saranya3606@gmail.com]]>
              </value>
            </param>
            <param index="1">
              <value>
                <![CDATA[Guvi@1234]]>
              </value>
            </param>
            <param index="2">
              <value>
                <![CDATA[Hi Saranya]]>
              </value>
            </param>
            <param index="3">
              <value>
                <![CDATA[SpiceJet - Flight Booking for Domestic and International, Cheap Air Tickets]]>
              </value>
            </param>
            <param index="4">
              <value>
                <![CDATA[You have been successfully logged out.]]>
              </value>
            </param>
          </params>
          <reporter-output>
          </reporter-output>
        </test-method> <!-- logoutTest -->
        <test-method is-config="true" signature="closeBrowser()[pri:0, instance:testcase.TC010_LogOut@5e4bd84a]" started-at="2023-12-28T12:40:01 IST" name="closeBrowser" finished-at="2023-12-28T12:40:17 IST" duration-ms="15230" status="PASS">
          <reporter-output>
          </reporter-output>
        </test-method> <!-- closeBrowser -->
      </class> <!-- testcase.TC010_LogOut -->
    </test> <!-- EdgeTest -->
  </suite> <!-- Suite -->
</testng-results>
